<?xml version="1.0" encoding="UTF-8"?>
<testng-results skipped="0" failed="0" total="1" passed="1">
  <reporter-output>
  </reporter-output>
  <suite name="Suite" duration-ms="118408" started-at="2018-06-02T11:24:43Z" finished-at="2018-06-02T11:26:42Z">
    <groups>
      <group name="cucumber">
        <method signature="AbstractTestNGCucumberTests.feature(cucumber.api.testng.CucumberFeatureWrapper)[pri:0, instance:runners.Runner@14b1c02]" name="feature" class="cucumber.api.testng.AbstractTestNGCucumberTests"/>
      </group> <!-- cucumber -->
    </groups>
    <test name="Test" duration-ms="118408" started-at="2018-06-02T11:24:43Z" finished-at="2018-06-02T11:26:42Z">
      <class name="runners.Runner">
        <test-method status="PASS" signature="setUpClass()[pri:0, instance:runners.Runner@14b1c02]" name="setUpClass" is-config="true" duration-ms="518" started-at="2018-06-02T16:54:43Z" finished-at="2018-06-02T16:54:44Z">
          <reporter-output>
          </reporter-output>
        </test-method> <!-- setUpClass -->
        <test-method status="PASS" signature="setup()[pri:0, instance:runners.Runner@14b1c02]" name="setup" is-config="true" duration-ms="1" started-at="2018-06-02T16:54:44Z" finished-at="2018-06-02T16:54:44Z">
          <reporter-output>
          </reporter-output>
        </test-method> <!-- setup -->
        <test-method status="PASS" signature="feature(cucumber.api.testng.CucumberFeatureWrapper)[pri:0, instance:runners.Runner@14b1c02]" name="feature" duration-ms="117211" started-at="2018-06-02T16:54:44Z" description="Runs Cucumber Feature" data-provider="features" finished-at="2018-06-02T16:56:41Z">
          <params>
            <param index="0">
              <value>
                <![CDATA[Acceptance testing.]]>
              </value>
            </param>
          </params>
          <reporter-output>
          </reporter-output>
        </test-method> <!-- feature -->
        <test-method status="PASS" signature="teardown()[pri:0, instance:runners.Runner@14b1c02]" name="teardown" is-config="true" duration-ms="46" started-at="2018-06-02T16:56:41Z" finished-at="2018-06-02T16:56:41Z">
          <reporter-output>
          </reporter-output>
        </test-method> <!-- teardown -->
        <test-method status="PASS" signature="tearDownClass()[pri:0, instance:runners.Runner@14b1c02]" name="tearDownClass" is-config="true" duration-ms="465" started-at="2018-06-02T16:56:41Z" finished-at="2018-06-02T16:56:42Z">
          <reporter-output>
          </reporter-output>
        </test-method> <!-- tearDownClass -->
      </class> <!-- runners.Runner -->
    </test> <!-- Test -->
  </suite> <!-- Suite -->
</testng-results>
